Using pre-set license
Built from '2020.3/staging' branch; Version is '2020.3.13f1 (71691879b7f5) revision 7432472'; Using compiler version '192528614'; Build Type 'Release'
OS: 'Windows 10 Home Single Language; OS build 19043.1288; Version 2009; 64bit' Language: 'en' Physical Memory: 8002 MB
BatchMode: 1, IsHumanControllingUs: 0, StartBugReporterOnCrash: 0, Is64bit: 1, IsPro: 0

 COMMAND LINE ARGUMENTS:
D:\อย่าลบ 2.36 GB\ชุดติดต้ง\2020.3.13f1\Editor\Unity.exe
-adb2
-batchMode
-noUpm
-name
AssetImportWorker0
-projectPath
D:/ปี3-64/เทอม 1/01418383-3 game programming/MyGameFinal
-logFile
Logs/AssetImportWorker0.log
-srvPort
1117
Successfully changed project path to: D:/ปี3-64/เทอม 1/01418383-3 game programming/MyGameFinal
D:/ปี3-64/เทอม 1/01418383-3 game programming/MyGameFinal
Using Asset Import Pipeline V2.
Refreshing native plugins compatible for Editor in 137.37 ms, found 2 plugins.
Preloading 0 native plugins for Editor in 0.00 ms.
Initialize engine version: 2020.3.13f1 (71691879b7f5)
[Subsystems] Discovering subsystems at path D:/อย่าลบ 2.36 GB/ชุดติดต้ง/2020.3.13f1/Editor/Data/Resources/UnitySubsystems
[Subsystems] Discovering subsystems at path D:/ปี3-64/เทอม 1/01418383-3 game programming/MyGameFinal/Assets
GfxDevice: creating device client; threaded=0
Direct3D:
    Version:  Direct3D 11.0 [level 11.1]
    Renderer: Radeon RX 560X (ID=0x67ef)
    Vendor:   
    VRAM:     4041 MB
    Driver:   26.20.12036.4002
Initialize mono
Mono path[0] = 'D:/อย่าลบ 2.36 GB/ชุดติดต้ง/2020.3.13f1/Editor/Data/Managed'
Mono path[1] = 'D:/อย่าลบ 2.36 GB/ชุดติดต้ง/2020.3.13f1/Editor/Data/MonoBleedingEdge/lib/mono/unityjit'
Mono config path = 'D:/อย่าลบ 2.36 GB/ชุดติดต้ง/2020.3.13f1/Editor/Data/MonoBleedingEdge/etc'
Using monoOptions --debugger-agent=transport=dt_socket,embedding=1,server=y,suspend=n,address=127.0.0.1:56044
Begin MonoManager ReloadAssembly
Registering precompiled unity dll's ...
Register platform support module: D:/อย่าลบ 2.36 GB/ชุดติดต้ง/2020.3.13f1/Editor/Data/PlaybackEngines/WindowsStandaloneSupport/UnityEditor.WindowsStandalone.Extensions.dll
Registered in 0.004000 seconds.
Native extension for WindowsStandalone target not found
Refreshing native plugins compatible for Editor in 133.11 ms, found 2 plugins.
Preloading 0 native plugins for Editor in 0.00 ms.
Mono: successfully reloaded assembly
- Completed reload, in  3.493 seconds
Platform modules already initialized, skipping
Registering precompiled user dll's ...
Registered in 0.020724 seconds.
Begin MonoManager ReloadAssembly
Native extension for WindowsStandalone target not found
Refreshing native plugins compatible for Editor in 1.20 ms, found 2 plugins.
Preloading 0 native plugins for Editor in 0.00 ms.
Mono: successfully reloaded assembly
- Completed reload, in  3.473 seconds
Platform modules already initialized, skipping
========================================================================
Worker process is ready to serve import requests
Launched and connected shader compiler UnityShaderCompiler.exe after 0.17 seconds
Refreshing native plugins compatible for Editor in 1.55 ms, found 2 plugins.
Preloading 0 native plugins for Editor in 0.00 ms.
Unloading 1825 Unused Serialized files (Serialized files now loaded: 0)
System memory in use before: 91.7 MB.
System memory in use after: 91.8 MB.

Unloading 27 unused Assets to reduce memory usage. Loaded Objects now: 2282.
Total: 5.751700 ms (FindLiveObjects: 0.376300 ms CreateObjectMapping: 0.114600 ms MarkObjects: 4.747400 ms  DeleteObjects: 0.510300 ms)

AssetImportParameters requested are different than current active one (requested -> active):
  custom:framework-win-MediaFoundation: 216162199b28c13a410421893ffa2e32 -> 
  custom:video-decoder-ogg-theora: a1e56fd34408186e4bbccfd4996cb3dc -> 
  custom:container-muxer-webm: aa71ff27fc2769a1b78a27578f13a17b -> 
  custom:container-demuxer-webm: 4f35f7cbe854078d1ac9338744f61a02 -> 
  custom:container-demuxer-ogg: 62fdf1f143b41e24485cea50d1cbac27 -> 
  custom:video-encoder-webm-vp8: eb34c28f22e8b96e1ab97ce403110664 -> 
  custom:video-codec-MediaFoundation-h265: 746d11721c4dcdbdad8f713fa42b33f4 -> 
  custom:video-decoder-webm-vp8: 9c59270c3fd7afecdb556c50c9e8de78 -> 
  custom:audio-decoder-ogg-vorbis: bf7c407c2cedff20999df2af8eb42d56 -> 
  custom:audio-encoder-webm-vorbis: bf7c407c2cedff20999df2af8eb42d56 -> 
========================================================================
Received Import Request.
  path: Assets/งานส่งในคาบ/Scenes/Home.unity
  artifactKey: Guid(aad08bb2bdfdeb24984263e5bfe8aee3) Importer(815301076,1909f56bfc062723c751e8b465ee728b)
Start importing Assets/งานส่งในคาบ/Scenes/Home.unity using Guid(aad08bb2bdfdeb24984263e5bfe8aee3) Importer(815301076,1909f56bfc062723c751e8b465ee728b)  -> (artifact id: '3b994a12dd584b232855aa75be8db5ec') in 0.042587 seconds 
  Import took 0.052897 seconds .

========================================================================
Received Import Request.
  Time since last request: 16.789203 seconds.
  path: Assets/_TerrainAutoUpgrade
  artifactKey: Guid(cc6c7b0a9caee8f4eb942c36a9ed90f7) Importer(815301076,1909f56bfc062723c751e8b465ee728b)
Start importing Assets/_TerrainAutoUpgrade using Guid(cc6c7b0a9caee8f4eb942c36a9ed90f7) Importer(815301076,1909f56bfc062723c751e8b465ee728b)  -> (artifact id: '2c08afc1bd572da4818c36b444c1acdd') in 0.013444 seconds 
  Import took 0.022139 seconds .

========================================================================
Received Import Request.
  Time since last request: 0.028815 seconds.
  path: Assets/_TerrainAutoUpgrade
  artifactKey: Guid(cc6c7b0a9caee8f4eb942c36a9ed90f7) Importer(815301076,1909f56bfc062723c751e8b465ee728b)
Start importing Assets/_TerrainAutoUpgrade using Guid(cc6c7b0a9caee8f4eb942c36a9ed90f7) Importer(815301076,1909f56bfc062723c751e8b465ee728b)  -> (artifact id: '2c08afc1bd572da4818c36b444c1acdd') in 0.007667 seconds 
  Import took 0.016943 seconds .

AssetImportWorkerClient::OnTransportError - code=2 error=End of file
